<?xml version="1.0" encoding="UTF-8"?>
<testsuite name="DoublyLinkedListTest" tests="1" skipped="0" failures="0" errors="0" timestamp="2023-09-23T11:18:01" hostname="MJ2X03L7F2" time="0.007">
  <properties/>
  <testcase name="remove out of range()" classname="DoublyLinkedListTest" time="0.007"/>
  <system-out><![CDATA[]]></system-out>
  <system-err><![CDATA[]]></system-err>
</testsuite>
